[0107/143426.074:ERROR:process_memory_win.cc(73)] ReadMemory at 0x7ff665c10000 of 64 bytes failed: Only part of a ReadProcessMemory or WriteProcessMemory request was completed. (0x12B)
[0107/143426.752:WARNING:pe_image_reader.cc(340)] could not read dos header from C:\Program Files (x86)\Google\Chrome\Application\chrome.exe
[0107/143426.753:ERROR:process_memory_win.cc(73)] ReadMemory at 0x7ffe8b200000 of 64 bytes failed: Only part of a ReadProcessMemory or WriteProcessMemory request was completed. (0x12B)
[0107/143426.753:WARNING:pe_image_reader.cc(340)] could not read dos header from C:\WINDOWS\SYSTEM32\ntdll.dll
[0107/143426.753:ERROR:process_memory_win.cc(73)] ReadMemory at 0x7ffe8aa80000 of 64 bytes failed: Only part of a ReadProcessMemory or WriteProcessMemory request was completed. (0x12B)
[0107/143426.812:WARNING:pe_image_reader.cc(340)] could not read dos header from C:\WINDOWS\System32\KERNEL32.DLL
[0107/143426.813:ERROR:process_memory_win.cc(73)] ReadMemory at 0x7ffe88b80000 of 64 bytes failed: Only part of a ReadProcessMemory or WriteProcessMemory request was completed. (0x12B)
[0107/143426.813:WARNING:pe_image_reader.cc(340)] could not read dos header from C:\WINDOWS\System32\KERNELBASE.dll
[0107/143426.813:ERROR:process_memory_win.cc(73)] ReadMemory at 0x7ffe51f70000 of 64 bytes failed: Only part of a ReadProcessMemory or WriteProcessMemory request was completed. (0x12B)
[0107/143426.813:WARNING:pe_image_reader.cc(340)] could not read dos header from C:\Program Files (x86)\Google\Chrome\Application\79.0.3945.88\chrome_elf.dll
[0107/143426.813:ERROR:process_memory_win.cc(73)] ReadMemory at 0x7ffe7fe10000 of 64 bytes failed: Only part of a ReadProcessMemory or WriteProcessMemory request was completed. (0x12B)
[0107/143426.813:WARNING:pe_image_reader.cc(340)] could not read dos header from C:\WINDOWS\SYSTEM32\VERSION.dll
[0107/143426.813:ERROR:process_memory_win.cc(73)] ReadMemory at 0x7ffe89c70000 of 64 bytes failed: Only part of a ReadProcessMemory or WriteProcessMemory request was completed. (0x12B)
[0107/143426.813:WARNING:pe_image_reader.cc(340)] could not read dos header from C:\WINDOWS\System32\msvcrt.dll
[0107/143426.813:ERROR:process_memory_win.cc(73)] ReadMemory at 0x7ffe88e30000 of 64 bytes failed: Only part of a ReadProcessMemory or WriteProcessMemory request was completed. (0x12B)
[0107/143426.813:WARNING:pe_image_reader.cc(340)] could not read dos header from C:\WINDOWS\System32\bcryptPrimitives.dll
[0107/143426.813:ERROR:process_memory_win.cc(73)] ReadMemory at 0x7ffe89f20000 of 64 bytes failed: Only part of a ReadProcessMemory or WriteProcessMemory request was completed. (0x12B)
[0107/143426.813:WARNING:pe_image_reader.cc(340)] could not read dos header from C:\WINDOWS\System32\ADVAPI32.dll
[0107/143426.813:ERROR:process_memory_win.cc(73)] ReadMemory at 0x7ffe89a90000 of 64 bytes failed: Only part of a ReadProcessMemory or WriteProcessMemory request was completed. (0x12B)
[0107/143426.813:WARNING:pe_image_reader.cc(340)] could not read dos header from C:\WINDOWS\System32\sechost.dll
[0107/143426.813:ERROR:process_memory_win.cc(73)] ReadMemory at 0x7ffe8ac10000 of 64 bytes failed: Only part of a ReadProcessMemory or WriteProcessMemory request was completed. (0x12B)
[0107/143426.813:WARNING:pe_image_reader.cc(340)] could not read dos header from C:\WINDOWS\System32\RPCRT4.dll
[0107/143426.813:ERROR:process_memory_win.cc(73)] ReadMemory at 0x7ffe89d80000 of 64 bytes failed: Only part of a ReadProcessMemory or WriteProcessMemory request was completed. (0x12B)
[0107/143426.814:WARNING:pe_image_reader.cc(340)] could not read dos header from C:\WINDOWS\System32\user32.dll
[0107/143426.814:ERROR:process_memory_win.cc(73)] ReadMemory at 0x7ffe88320000 of 64 bytes failed: Only part of a ReadProcessMemory or WriteProcessMemory request was completed. (0x12B)
[0107/143426.814:WARNING:pe_image_reader.cc(340)] could not read dos header from C:\WINDOWS\System32\win32u.dll
[0107/143426.814:ERROR:process_memory_win.cc(73)] ReadMemory at 0x7ffe89be0000 of 64 bytes failed: Only part of a ReadProcessMemory or WriteProcessMemory request was completed. (0x12B)
[0107/143426.814:WARNING:pe_image_reader.cc(340)] could not read dos header from C:\WINDOWS\System32\GDI32.dll
[0107/143426.814:ERROR:process_memory_win.cc(73)] ReadMemory at 0x7ffe88eb0000 of 64 bytes failed: Only part of a ReadProcessMemory or WriteProcessMemory request was completed. (0x12B)
[0107/143426.814:WARNING:pe_image_reader.cc(340)] could not read dos header from C:\WINDOWS\System32\gdi32full.dll
[0107/143426.814:ERROR:process_memory_win.cc(73)] ReadMemory at 0x7ffe88280000 of 64 bytes failed: Only part of a ReadProcessMemory or WriteProcessMemory request was completed. (0x12B)
[0107/143426.814:WARNING:pe_image_reader.cc(340)] could not read dos header from C:\WINDOWS\System32\msvcp_win.dll
[0107/143426.814:ERROR:process_memory_win.cc(73)] ReadMemory at 0x7ffe89050000 of 64 bytes failed: Only part of a ReadProcessMemory or WriteProcessMemory request was completed. (0x12B)
[0107/143426.814:WARNING:pe_image_reader.cc(340)] could not read dos header from C:\WINDOWS\System32\ucrtbase.dll
[0107/143426.814:ERROR:process_memory_win.cc(73)] ReadMemory at 0x7ffe8b190000 of 64 bytes failed: Only part of a ReadProcessMemory or WriteProcessMemory request was completed. (0x12B)
[0107/143426.814:WARNING:pe_image_reader.cc(340)] could not read dos header from C:\WINDOWS\System32\IMM32.DLL
[0107/143426.814:ERROR:process_memory_win.cc(73)] ReadMemory at 0x7ffe459f0000 of 64 bytes failed: Only part of a ReadProcessMemory or WriteProcessMemory request was completed. (0x12B)
[0107/143426.814:WARNING:pe_image_reader.cc(340)] could not read dos header from C:\Program Files (x86)\Google\Chrome\Application\79.0.3945.88\chrome_child.dll
[0107/143426.814:ERROR:process_memory_win.cc(73)] ReadMemory at 0x25bcd9b0000 of 64 bytes failed: Only part of a ReadProcessMemory or WriteProcessMemory request was completed. (0x12B)
[0107/143426.814:WARNING:pe_image_reader.cc(340)] could not read dos header from C:\WINDOWS\System32\OLEAUT32.dll
[0107/143426.814:ERROR:process_memory_win.cc(73)] ReadMemory at 0x7ffe8add0000 of 64 bytes failed: Only part of a ReadProcessMemory or WriteProcessMemory request was completed. (0x12B)
[0107/143426.814:WARNING:pe_image_reader.cc(340)] could not read dos header from C:\WINDOWS\System32\combase.dll
[0107/143426.815:ERROR:process_memory_win.cc(73)] ReadMemory at 0x7ffe8ad50000 of 64 bytes failed: Only part of a ReadProcessMemory or WriteProcessMemory request was completed. (0x12B)
[0107/143426.815:WARNING:pe_image_reader.cc(340)] could not read dos header from C:\WINDOWS\System32\WS2_32.dll
[0107/143426.815:ERROR:process_memory_win.cc(73)] ReadMemory at 0x7ffe89180000 of 64 bytes failed: Only part of a ReadProcessMemory or WriteProcessMemory request was completed. (0x12B)
[0107/143426.815:WARNING:pe_image_reader.cc(340)] could not read dos header from C:\WINDOWS\System32\WINTRUST.dll
[0107/143426.815:ERROR:process_memory_win.cc(73)] ReadMemory at 0x7ffe881a0000 of 64 bytes failed: Only part of a ReadProcessMemory or WriteProcessMemory request was completed. (0x12B)
[0107/143426.815:WARNING:pe_image_reader.cc(340)] could not read dos header from C:\WINDOWS\System32\MSASN1.dll
[0107/143426.815:ERROR:process_memory_win.cc(73)] ReadMemory at 0x7ffe891e0000 of 64 bytes failed: Only part of a ReadProcessMemory or WriteProcessMemory request was completed. (0x12B)
[0107/143426.815:WARNING:pe_image_reader.cc(340)] could not read dos header from C:\WINDOWS\System32\CRYPT32.dll
[0107/143426.815:ERROR:process_memory_win.cc(73)] ReadMemory at 0x7ffe87670000 of 64 bytes failed: Only part of a ReadProcessMemory or WriteProcessMemory request was completed. (0x12B)
[0107/143426.815:WARNING:pe_image_reader.cc(340)] could not read dos header from C:\WINDOWS\SYSTEM32\IPHLPAPI.DLL
[0107/143426.815:ERROR:process_memory_win.cc(73)] ReadMemory at 0x7ffe84750000 of 64 bytes failed: Only part of a ReadProcessMemory or WriteProcessMemory request was completed. (0x12B)
[0107/143426.815:WARNING:pe_image_reader.cc(340)] could not read dos header from C:\WINDOWS\SYSTEM32\WINMM.dll
[0107/143426.816:ERROR:process_memory_win.cc(73)] ReadMemory at 0x7ffe88040000 of 64 bytes failed: Only part of a ReadProcessMemory or WriteProcessMemory request was completed. (0x12B)
[0107/143426.816:WARNING:pe_image_reader.cc(340)] could not read dos header from C:\WINDOWS\SYSTEM32\USERENV.dll
[0107/143426.816:ERROR:process_memory_win.cc(73)] ReadMemory at 0x7ffe88180000 of 64 bytes failed: Only part of a ReadProcessMemory or WriteProcessMemory request was completed. (0x12B)
[0107/143426.816:WARNING:pe_image_reader.cc(340)] could not read dos header from C:\WINDOWS\System32\profapi.dll
[0107/143426.816:ERROR:process_memory_win.cc(73)] ReadMemory at 0x7ffe760c0000 of 64 bytes failed: Only part of a ReadProcessMemory or WriteProcessMemory request was completed. (0x12B)
[0107/143426.816:WARNING:pe_image_reader.cc(340)] could not read dos header from C:\WINDOWS\SYSTEM32\DWrite.dll
[0107/143426.816:ERROR:process_memory_win.cc(73)] ReadMemory at 0x7ffe737d0000 of 64 bytes failed: Only part of a ReadProcessMemory or WriteProcessMemory request was completed. (0x12B)
[0107/143426.816:WARNING:pe_image_reader.cc(340)] could not read dos header from C:\WINDOWS\SYSTEM32\WINSPOOL.DRV
[0107/143426.816:ERROR:process_memory_win.cc(73)] ReadMemory at 0x7ffe88160000 of 64 bytes failed: Only part of a ReadProcessMemory or WriteProcessMemory request was completed. (0x12B)
[0107/143426.816:WARNING:pe_image_reader.cc(340)] could not read dos header from C:\WINDOWS\System32\kernel.appcore.dll
[0107/143426.816:ERROR:process_memory_win.cc(73)] ReadMemory at 0x7ffe89150000 of 64 bytes failed: Only part of a ReadProcessMemory or WriteProcessMemory request was completed. (0x12B)
[0107/143426.817:WARNING:pe_image_reader.cc(340)] could not read dos header from C:\WINDOWS\System32\bcrypt.dll
[0107/143426.817:ERROR:process_memory_win.cc(73)] ReadMemory at 0x7ffe86a60000 of 64 bytes failed: Only part of a ReadProcessMemory or WriteProcessMemory request was completed. (0x12B)
[0107/143426.817:WARNING:pe_image_reader.cc(340)] could not read dos header from C:\WINDOWS\SYSTEM32\dbghelp.dll
[0107/143426.817:ERROR:process_memory_win.cc(73)] ReadMemory at 0x7ffe75c70000 of 64 bytes failed: Only part of a ReadProcessMemory or WriteProcessMemory request was completed. (0x12B)
[0107/143426.817:WARNING:pe_image_reader.cc(340)] could not read dos header from C:\WINDOWS\SYSTEM32\Secur32.dll
[0107/143426.817:ERROR:process_memory_win.cc(73)] ReadMemory at 0x7ffe85250000 of 64 bytes failed: Only part of a ReadProcessMemory or WriteProcessMemory request was completed. (0x12B)
[0107/143426.817:WARNING:pe_image_reader.cc(340)] could not read dos header from C:\WINDOWS\SYSTEM32\WINHTTP.dll
[0107/143426.817:ERROR:process_memory_win.cc(73)] ReadMemory at 0x7ffe85700000 of 64 bytes failed: Only part of a ReadProcessMemory or WriteProcessMemory request was completed. (0x12B)
[0107/143426.817:WARNING:pe_image_reader.cc(340)] could not read dos header from C:\WINDOWS\SYSTEM32\dhcpcsvc.DLL
[0107/143426.817:ERROR:process_memory_win.cc(73)] ReadMemory at 0x7ffe8ad30000 of 64 bytes failed: Only part of a ReadProcessMemory or WriteProcessMemory request was completed. (0x12B)
[0107/143426.817:WARNING:pe_image_reader.cc(340)] could not read dos header from C:\WINDOWS\System32\NSI.dll
[0107/143426.817:ERROR:process_memory_win.cc(73)] ReadMemory at 0x7ffe85cb0000 of 64 bytes failed: Only part of a ReadProcessMemory or WriteProcessMemory request was completed. (0x12B)
[0107/143426.817:WARNING:pe_image_reader.cc(340)] could not read dos header from C:\WINDOWS\SYSTEM32\WINMMBASE.dll
[0107/143426.818:ERROR:process_memory_win.cc(73)] ReadMemory at 0x7ffe88210000 of 64 bytes failed: Only part of a ReadProcessMemory or WriteProcessMemory request was completed. (0x12B)
[0107/143426.818:WARNING:pe_image_reader.cc(340)] could not read dos header from C:\WINDOWS\System32\cfgmgr32.dll
[0107/143426.818:ERROR:process_memory_win.cc(73)] ReadMemory at 0x7ffe85f40000 of 64 bytes failed: Only part of a ReadProcessMemory or WriteProcessMemory request was completed. (0x12B)
[0107/143426.818:WARNING:pe_image_reader.cc(340)] could not read dos header from C:\WINDOWS\SYSTEM32\PROPSYS.dll
[0107/143426.818:ERROR:process_memory_win.cc(73)] ReadMemory at 0x7ffe8a870000 of 64 bytes failed: Only part of a ReadProcessMemory or WriteProcessMemory request was completed. (0x12B)
[0107/143426.818:WARNING:pe_image_reader.cc(340)] could not read dos header from C:\WINDOWS\System32\shcore.dll
[0107/143426.818:ERROR:process_memory_win.cc(73)] ReadMemory at 0x7ffe88070000 of 64 bytes failed: Only part of a ReadProcessMemory or WriteProcessMemory request was completed. (0x12B)
[0107/143426.818:WARNING:pe_image_reader.cc(340)] could not read dos header from C:\WINDOWS\SYSTEM32\SSPICLI.DLL
[0107/143426.818:ERROR:process_memory_win.cc(73)] ReadMemory at 0x7ffe87b30000 of 64 bytes failed: Only part of a ReadProcessMemory or WriteProcessMemory request was completed. (0x12B)
[0107/143426.818:WARNING:pe_image_reader.cc(340)] could not read dos header from C:\WINDOWS\SYSTEM32\CRYPTBASE.DLL
[0107/143426.818:ERROR:process_memory_win.cc(73)] ReadMemory at 0x7ffe8a920000 of 64 bytes failed: Only part of a ReadProcessMemory or WriteProcessMemory request was completed. (0x12B)
[0107/143426.818:WARNING:pe_image_reader.cc(340)] could not read dos header from C:\WINDOWS\System32\ole32.dll
[0107/143426.818:ERROR:process_memory_win.cc(73)] ReadMemory at 0x7ffe86e50000 of 64 bytes failed: Only part of a ReadProcessMemory or WriteProcessMemory request was completed. (0x12B)
[0107/143426.818:WARNING:pe_image_reader.cc(340)] could not read dos header from C:\WINDOWS\SYSTEM32\dxgi.dll
[0107/143426.819:ERROR:process_memory_win.cc(73)] ReadMemory at 0x7ffe86e30000 of 64 bytes failed: Only part of a ReadProcessMemory or WriteProcessMemory request was completed. (0x12B)
[0107/143426.819:WARNING:pe_image_reader.cc(340)] could not read dos header from C:\WINDOWS\SYSTEM32\dxcore.dll
[0107/143426.819:ERROR:process_memory_win.cc(73)] ReadMemory at 0x7ffe667a0000 of 64 bytes failed: Only part of a ReadProcessMemory or WriteProcessMemory request was completed. (0x12B)
[0107/143426.819:WARNING:pe_image_reader.cc(340)] could not read dos header from C:\WINDOWS\SYSTEM32\dxva2.dll
[0107/143426.819:ERROR:process_memory_win.cc(73)] ReadMemory at 0x7ffe834e0000 of 64 bytes failed: Only part of a ReadProcessMemory or WriteProcessMemory request was completed. (0x12B)
[0107/143426.819:WARNING:pe_image_reader.cc(340)] could not read dos header from C:\WINDOWS\SYSTEM32\D3DCompiler_47.dll
[0107/143426.819:ERROR:process_memory_win.cc(73)] ReadMemory at 0x7ffe88260000 of 64 bytes failed: Only part of a ReadProcessMemory or WriteProcessMemory request was completed. (0x12B)
[0107/143426.819:WARNING:pe_image_reader.cc(340)] could not read dos header from C:\WINDOWS\System32\CRYPTSP.dll
[0107/143426.819:ERROR:process_memory_win.cc(73)] ReadMemory at 0x7ffe440d0000 of 64 bytes failed: Only part of a ReadProcessMemory or WriteProcessMemory request was completed. (0x12B)
[0107/143426.819:WARNING:pe_image_reader.cc(340)] could not read dos header from C:\Program Files (x86)\Google\Chrome\Application\79.0.3945.88\libglesv2.dll
[0107/143426.819:ERROR:process_memory_win.cc(73)] ReadMemory at 0x7ffe89410000 of 64 bytes failed: Only part of a ReadProcessMemory or WriteProcessMemory request was completed. (0x12B)
[0107/143426.819:WARNING:pe_image_reader.cc(340)] could not read dos header from C:\WINDOWS\System32\SETUPAPI.dll
[0107/143426.820:ERROR:process_memory_win.cc(73)] ReadMemory at 0x7ffe5d9d0000 of 64 bytes failed: Only part of a ReadProcessMemory or WriteProcessMemory request was completed. (0x12B)
[0107/143426.820:WARNING:pe_image_reader.cc(340)] could not read dos header from C:\Program Files (x86)\Google\Chrome\Application\79.0.3945.88\libegl.dll
[0107/143426.820:ERROR:process_memory_win.cc(73)] ReadMemory at 0x7ffe86750000 of 64 bytes failed: Only part of a ReadProcessMemory or WriteProcessMemory request was completed. (0x12B)
[0107/143426.820:WARNING:pe_image_reader.cc(340)] could not read dos header from C:\WINDOWS\SYSTEM32\dwmapi.dll
[0107/143426.820:ERROR:process_memory_win.cc(73)] ReadMemory at 0x7ffe840e0000 of 64 bytes failed: Only part of a ReadProcessMemory or WriteProcessMemory request was completed. (0x12B)
[0107/143426.820:WARNING:pe_image_reader.cc(340)] could not read dos header from C:\WINDOWS\SYSTEM32\d3d11.dll
[0107/143426.820:ERROR:process_memory_win.cc(73)] ReadMemory at 0x7ffe83f00000 of 64 bytes failed: Only part of a ReadProcessMemory or WriteProcessMemory request was completed. (0x12B)
[0107/143426.820:WARNING:pe_image_reader.cc(340)] could not read dos header from C:\WINDOWS\SYSTEM32\dcomp.dll
[0107/143426.820:ERROR:process_memory_win.cc(73)] ReadMemory at 0x7ffe78b20000 of 64 bytes failed: Only part of a ReadProcessMemory or WriteProcessMemory request was completed. (0x12B)
[0107/143426.820:WARNING:pe_image_reader.cc(340)] could not read dos header from C:\WINDOWS\System32\DriverStore\FileRepository\k127153.inf_amd64_3f3936d8dec668b8\igd10iumd64.dll
[0107/143426.820:ERROR:process_memory_win.cc(73)] ReadMemory at 0x7ffe87c30000 of 64 bytes failed: Only part of a ReadProcessMemory or WriteProcessMemory request was completed. (0x12B)
[0107/143426.820:WARNING:pe_image_reader.cc(340)] could not read dos header from C:\WINDOWS\SYSTEM32\ncrypt.dll
[0107/143426.821:ERROR:process_memory_win.cc(73)] ReadMemory at 0x7ffe87bf0000 of 64 bytes failed: Only part of a ReadProcessMemory or WriteProcessMemory request was completed. (0x12B)
[0107/143426.821:WARNING:pe_image_reader.cc(340)] could not read dos header from C:\WINDOWS\SYSTEM32\NTASN1.dll
[0107/143426.821:ERROR:process_memory_win.cc(73)] ReadMemory at 0x7ffe76b80000 of 64 bytes failed: Only part of a ReadProcessMemory or WriteProcessMemory request was completed. (0x12B)
[0107/143426.821:WARNING:pe_image_reader.cc(340)] could not read dos header from C:\WINDOWS\System32\DriverStore\FileRepository\k127153.inf_amd64_3f3936d8dec668b8\igc64.dll
[0107/143426.821:ERROR:process_memory_win.cc(73)] ReadMemory at 0x7ffe89b30000 of 64 bytes failed: Only part of a ReadProcessMemory or WriteProcessMemory request was completed. (0x12B)
[0107/143426.821:WARNING:pe_image_reader.cc(340)] could not read dos header from C:\WINDOWS\System32\clbcatq.dll
[0107/143426.821:ERROR:process_memory_win.cc(73)] ReadMemory at 0x7ffe82e60000 of 64 bytes failed: Only part of a ReadProcessMemory or WriteProcessMemory request was completed. (0x12B)
[0107/143426.821:WARNING:pe_image_reader.cc(340)] could not read dos header from C:\Windows\System32\WinTypes.dll
[0107/143426.821:ERROR:process_memory_win.cc(73)] ReadMemory at 0x7ffe59d40000 of 64 bytes failed: Only part of a ReadProcessMemory or WriteProcessMemory request was completed. (0x12B)
[0107/143426.821:WARNING:pe_image_reader.cc(340)] could not read dos header from C:\WINDOWS\System32\DriverStore\FileRepository\k127153.inf_amd64_3f3936d8dec668b8\igd11dxva64.dll
[0107/143426.821:ERROR:process_memory_win.cc(73)] ReadMemory at 0x7ffe86030000 of 64 bytes failed: Only part of a ReadProcessMemory or WriteProcessMemory request was completed. (0x12B)
[0107/143426.821:WARNING:pe_image_reader.cc(340)] could not read dos header from C:\WINDOWS\system32\uxtheme.dll
[0107/143426.821:ERROR:process_memory_win.cc(73)] ReadMemory at 0x7ffe89880000 of 64 bytes failed: Only part of a ReadProcessMemory or WriteProcessMemory request was completed. (0x12B)
[0107/143426.821:WARNING:pe_image_reader.cc(340)] could not read dos header from C:\WINDOWS\System32\MSCTF.dll
[0107/143426.822:ERROR:process_memory_win.cc(73)] ReadMemory at 0x7ff665c10000 of 64 bytes failed: Only part of a ReadProcessMemory or WriteProcessMemory request was completed. (0x12B)
[0107/143426.822:WARNING:pe_image_reader.cc(340)] could not read dos header from C:\Program Files (x86)\Google\Chrome\Application\chrome.exe
[0107/143426.822:ERROR:process_memory_win.cc(73)] ReadMemory at 0x7ffe8b200000 of 64 bytes failed: Only part of a ReadProcessMemory or WriteProcessMemory request was completed. (0x12B)
[0107/143426.822:WARNING:pe_image_reader.cc(340)] could not read dos header from C:\WINDOWS\SYSTEM32\ntdll.dll
[0107/143426.822:ERROR:process_memory_win.cc(73)] ReadMemory at 0x7ffe8aa80000 of 64 bytes failed: Only part of a ReadProcessMemory or WriteProcessMemory request was completed. (0x12B)
[0107/143426.822:WARNING:pe_image_reader.cc(340)] could not read dos header from C:\WINDOWS\System32\KERNEL32.DLL
[0107/143426.822:ERROR:process_memory_win.cc(73)] ReadMemory at 0x7ffe88b80000 of 64 bytes failed: Only part of a ReadProcessMemory or WriteProcessMemory request was completed. (0x12B)
[0107/143426.822:WARNING:pe_image_reader.cc(340)] could not read dos header from C:\WINDOWS\System32\KERNELBASE.dll
[0107/143426.822:ERROR:process_memory_win.cc(73)] ReadMemory at 0x7ffe51f70000 of 64 bytes failed: Only part of a ReadProcessMemory or WriteProcessMemory request was completed. (0x12B)
[0107/143426.822:WARNING:pe_image_reader.cc(340)] could not read dos header from C:\Program Files (x86)\Google\Chrome\Application\79.0.3945.88\chrome_elf.dll
[0107/143426.822:ERROR:process_memory_win.cc(73)] ReadMemory at 0x7ffe7fe10000 of 64 bytes failed: Only part of a ReadProcessMemory or WriteProcessMemory request was completed. (0x12B)
[0107/143426.822:WARNING:pe_image_reader.cc(340)] could not read dos header from C:\WINDOWS\SYSTEM32\VERSION.dll
[0107/143426.822:ERROR:process_memory_win.cc(73)] ReadMemory at 0x7ffe89c70000 of 64 bytes failed: Only part of a ReadProcessMemory or WriteProcessMemory request was completed. (0x12B)
[0107/143426.823:WARNING:pe_image_reader.cc(340)] could not read dos header from C:\WINDOWS\System32\msvcrt.dll
[0107/143426.823:ERROR:process_memory_win.cc(73)] ReadMemory at 0x7ffe88e30000 of 64 bytes failed: Only part of a ReadProcessMemory or WriteProcessMemory request was completed. (0x12B)
[0107/143426.823:WARNING:pe_image_reader.cc(340)] could not read dos header from C:\WINDOWS\System32\bcryptPrimitives.dll
[0107/143426.823:ERROR:process_memory_win.cc(73)] ReadMemory at 0x7ffe89f20000 of 64 bytes failed: Only part of a ReadProcessMemory or WriteProcessMemory request was completed. (0x12B)
[0107/143426.823:WARNING:pe_image_reader.cc(340)] could not read dos header from C:\WINDOWS\System32\ADVAPI32.dll
[0107/143426.823:ERROR:process_memory_win.cc(73)] ReadMemory at 0x7ffe89a90000 of 64 bytes failed: Only part of a ReadProcessMemory or WriteProcessMemory request was completed. (0x12B)
[0107/143426.823:WARNING:pe_image_reader.cc(340)] could not read dos header from C:\WINDOWS\System32\sechost.dll
[0107/143426.823:ERROR:process_memory_win.cc(73)] ReadMemory at 0x7ffe8ac10000 of 64 bytes failed: Only part of a ReadProcessMemory or WriteProcessMemory request was completed. (0x12B)
[0107/143426.823:WARNING:pe_image_reader.cc(340)] could not read dos header from C:\WINDOWS\System32\RPCRT4.dll
[0107/143426.823:ERROR:process_memory_win.cc(73)] ReadMemory at 0x7ffe89d80000 of 64 bytes failed: Only part of a ReadProcessMemory or WriteProcessMemory request was completed. (0x12B)
[0107/143426.823:WARNING:pe_image_reader.cc(340)] could not read dos header from C:\WINDOWS\System32\user32.dll
[0107/143426.823:ERROR:process_memory_win.cc(73)] ReadMemory at 0x7ffe88320000 of 64 bytes failed: Only part of a ReadProcessMemory or WriteProcessMemory request was completed. (0x12B)
[0107/143426.823:WARNING:pe_image_reader.cc(340)] could not read dos header from C:\WINDOWS\System32\win32u.dll
[0107/143426.824:ERROR:process_memory_win.cc(73)] ReadMemory at 0x7ffe89be0000 of 64 bytes failed: Only part of a ReadProcessMemory or WriteProcessMemory request was completed. (0x12B)
[0107/143426.824:WARNING:pe_image_reader.cc(340)] could not read dos header from C:\WINDOWS\System32\GDI32.dll
[0107/143426.824:ERROR:process_memory_win.cc(73)] ReadMemory at 0x7ffe88eb0000 of 64 bytes failed: Only part of a ReadProcessMemory or WriteProcessMemory request was completed. (0x12B)
[0107/143426.824:WARNING:pe_image_reader.cc(340)] could not read dos header from C:\WINDOWS\System32\gdi32full.dll
[0107/143426.824:ERROR:process_memory_win.cc(73)] ReadMemory at 0x7ffe88280000 of 64 bytes failed: Only part of a ReadProcessMemory or WriteProcessMemory request was completed. (0x12B)
[0107/143426.824:WARNING:pe_image_reader.cc(340)] could not read dos header from C:\WINDOWS\System32\msvcp_win.dll
[0107/143426.824:ERROR:process_memory_win.cc(73)] ReadMemory at 0x7ffe89050000 of 64 bytes failed: Only part of a ReadProcessMemory or WriteProcessMemory request was completed. (0x12B)
[0107/143426.824:WARNING:pe_image_reader.cc(340)] could not read dos header from C:\WINDOWS\System32\ucrtbase.dll
[0107/143426.824:ERROR:process_memory_win.cc(73)] ReadMemory at 0x7ffe8b190000 of 64 bytes failed: Only part of a ReadProcessMemory or WriteProcessMemory request was completed. (0x12B)
[0107/143426.824:WARNING:pe_image_reader.cc(340)] could not read dos header from C:\WINDOWS\System32\IMM32.DLL
[0107/143426.824:ERROR:process_memory_win.cc(73)] ReadMemory at 0x7ffe459f0000 of 64 bytes failed: Only part of a ReadProcessMemory or WriteProcessMemory request was completed. (0x12B)
[0107/143426.824:WARNING:pe_image_reader.cc(340)] could not read dos header from C:\Program Files (x86)\Google\Chrome\Application\79.0.3945.88\chrome_child.dll
[0107/143426.824:ERROR:process_memory_win.cc(73)] ReadMemory at 0x25bcd9b0000 of 64 bytes failed: Only part of a ReadProcessMemory or WriteProcessMemory request was completed. (0x12B)
[0107/143426.825:WARNING:pe_image_reader.cc(340)] could not read dos header from C:\WINDOWS\System32\OLEAUT32.dll
[0107/143426.825:ERROR:process_memory_win.cc(73)] ReadMemory at 0x7ffe8add0000 of 64 bytes failed: Only part of a ReadProcessMemory or WriteProcessMemory request was completed. (0x12B)
[0107/143426.825:WARNING:pe_image_reader.cc(340)] could not read dos header from C:\WINDOWS\System32\combase.dll
[0107/143426.825:ERROR:process_memory_win.cc(73)] ReadMemory at 0x7ffe8ad50000 of 64 bytes failed: Only part of a ReadProcessMemory or WriteProcessMemory request was completed. (0x12B)
[0107/143426.825:WARNING:pe_image_reader.cc(340)] could not read dos header from C:\WINDOWS\System32\WS2_32.dll
[0107/143426.825:ERROR:process_memory_win.cc(73)] ReadMemory at 0x7ffe89180000 of 64 bytes failed: Only part of a ReadProcessMemory or WriteProcessMemory request was completed. (0x12B)
[0107/143426.825:WARNING:pe_image_reader.cc(340)] could not read dos header from C:\WINDOWS\System32\WINTRUST.dll
[0107/143426.825:ERROR:process_memory_win.cc(73)] ReadMemory at 0x7ffe881a0000 of 64 bytes failed: Only part of a ReadProcessMemory or WriteProcessMemory request was completed. (0x12B)
[0107/143426.825:WARNING:pe_image_reader.cc(340)] could not read dos header from C:\WINDOWS\System32\MSASN1.dll
[0107/143426.825:ERROR:process_memory_win.cc(73)] ReadMemory at 0x7ffe891e0000 of 64 bytes failed: Only part of a ReadProcessMemory or WriteProcessMemory request was completed. (0x12B)
[0107/143426.825:WARNING:pe_image_reader.cc(340)] could not read dos header from C:\WINDOWS\System32\CRYPT32.dll
[0107/143426.825:ERROR:process_memory_win.cc(73)] ReadMemory at 0x7ffe87670000 of 64 bytes failed: Only part of a ReadProcessMemory or WriteProcessMemory request was completed. (0x12B)
[0107/143426.825:WARNING:pe_image_reader.cc(340)] could not read dos header from C:\WINDOWS\SYSTEM32\IPHLPAPI.DLL
[0107/143426.826:ERROR:process_memory_win.cc(73)] ReadMemory at 0x7ffe84750000 of 64 bytes failed: Only part of a ReadProcessMemory or WriteProcessMemory request was completed. (0x12B)
[0107/143426.826:WARNING:pe_image_reader.cc(340)] could not read dos header from C:\WINDOWS\SYSTEM32\WINMM.dll
[0107/143426.826:ERROR:process_memory_win.cc(73)] ReadMemory at 0x7ffe88040000 of 64 bytes failed: Only part of a ReadProcessMemory or WriteProcessMemory request was completed. (0x12B)
[0107/143426.826:WARNING:pe_image_reader.cc(340)] could not read dos header from C:\WINDOWS\SYSTEM32\USERENV.dll
[0107/143426.826:ERROR:process_memory_win.cc(73)] ReadMemory at 0x7ffe88180000 of 64 bytes failed: Only part of a ReadProcessMemory or WriteProcessMemory request was completed. (0x12B)
[0107/143426.826:WARNING:pe_image_reader.cc(340)] could not read dos header from C:\WINDOWS\System32\profapi.dll
[0107/143426.826:ERROR:process_memory_win.cc(73)] ReadMemory at 0x7ffe760c0000 of 64 bytes failed: Only part of a ReadProcessMemory or WriteProcessMemory request was completed. (0x12B)
[0107/143426.826:WARNING:pe_image_reader.cc(340)] could not read dos header from C:\WINDOWS\SYSTEM32\DWrite.dll
[0107/143426.826:ERROR:process_memory_win.cc(73)] ReadMemory at 0x7ffe737d0000 of 64 bytes failed: Only part of a ReadProcessMemory or WriteProcessMemory request was completed. (0x12B)
[0107/143426.826:WARNING:pe_image_reader.cc(340)] could not read dos header from C:\WINDOWS\SYSTEM32\WINSPOOL.DRV
[0107/143426.826:ERROR:process_memory_win.cc(73)] ReadMemory at 0x7ffe88160000 of 64 bytes failed: Only part of a ReadProcessMemory or WriteProcessMemory request was completed. (0x12B)
[0107/143426.826:WARNING:pe_image_reader.cc(340)] could not read dos header from C:\WINDOWS\System32\kernel.appcore.dll
[0107/143426.826:ERROR:process_memory_win.cc(73)] ReadMemory at 0x7ffe89150000 of 64 bytes failed: Only part of a ReadProcessMemory or WriteProcessMemory request was completed. (0x12B)
[0107/143426.826:WARNING:pe_image_reader.cc(340)] could not read dos header from C:\WINDOWS\System32\bcrypt.dll
[0107/143426.826:ERROR:process_memory_win.cc(73)] ReadMemory at 0x7ffe86a60000 of 64 bytes failed: Only part of a ReadProcessMemory or WriteProcessMemory request was completed. (0x12B)
[0107/143426.826:WARNING:pe_image_reader.cc(340)] could not read dos header from C:\WINDOWS\SYSTEM32\dbghelp.dll
[0107/143426.826:ERROR:process_memory_win.cc(73)] ReadMemory at 0x7ffe75c70000 of 64 bytes failed: Only part of a ReadProcessMemory or WriteProcessMemory request was completed. (0x12B)
[0107/143426.826:WARNING:pe_image_reader.cc(340)] could not read dos header from C:\WINDOWS\SYSTEM32\Secur32.dll
[0107/143426.826:ERROR:process_memory_win.cc(73)] ReadMemory at 0x7ffe85250000 of 64 bytes failed: Only part of a ReadProcessMemory or WriteProcessMemory request was completed. (0x12B)
[0107/143426.826:WARNING:pe_image_reader.cc(340)] could not read dos header from C:\WINDOWS\SYSTEM32\WINHTTP.dll
[0107/143426.826:ERROR:process_memory_win.cc(73)] ReadMemory at 0x7ffe85700000 of 64 bytes failed: Only part of a ReadProcessMemory or WriteProcessMemory request was completed. (0x12B)
[0107/143426.826:WARNING:pe_image_reader.cc(340)] could not read dos header from C:\WINDOWS\SYSTEM32\dhcpcsvc.DLL
[0107/143426.826:ERROR:process_memory_win.cc(73)] ReadMemory at 0x7ffe8ad30000 of 64 bytes failed: Only part of a ReadProcessMemory or WriteProcessMemory request was completed. (0x12B)
[0107/143426.826:WARNING:pe_image_reader.cc(340)] could not read dos header from C:\WINDOWS\System32\NSI.dll
[0107/143426.826:ERROR:process_memory_win.cc(73)] ReadMemory at 0x7ffe85cb0000 of 64 bytes failed: Only part of a ReadProcessMemory or WriteProcessMemory request was completed. (0x12B)
[0107/143426.826:WARNING:pe_image_reader.cc(340)] could not read dos header from C:\WINDOWS\SYSTEM32\WINMMBASE.dll
[0107/143426.826:ERROR:process_memory_win.cc(73)] ReadMemory at 0x7ffe88210000 of 64 bytes failed: Only part of a ReadProcessMemory or WriteProcessMemory request was completed. (0x12B)
[0107/143426.826:WARNING:pe_image_reader.cc(340)] could not read dos header from C:\WINDOWS\System32\cfgmgr32.dll
[0107/143426.826:ERROR:process_memory_win.cc(73)] ReadMemory at 0x7ffe85f40000 of 64 bytes failed: Only part of a ReadProcessMemory or WriteProcessMemory request was completed. (0x12B)
[0107/143426.826:WARNING:pe_image_reader.cc(340)] could not read dos header from C:\WINDOWS\SYSTEM32\PROPSYS.dll
[0107/143426.826:ERROR:process_memory_win.cc(73)] ReadMemory at 0x7ffe8a870000 of 64 bytes failed: Only part of a ReadProcessMemory or WriteProcessMemory request was completed. (0x12B)
[0107/143426.827:WARNING:pe_image_reader.cc(340)] could not read dos header from C:\WINDOWS\System32\shcore.dll
[0107/143426.827:ERROR:process_memory_win.cc(73)] ReadMemory at 0x7ffe88070000 of 64 bytes failed: Only part of a ReadProcessMemory or WriteProcessMemory request was completed. (0x12B)
[0107/143426.827:WARNING:pe_image_reader.cc(340)] could not read dos header from C:\WINDOWS\SYSTEM32\SSPICLI.DLL
[0107/143426.827:ERROR:process_memory_win.cc(73)] ReadMemory at 0x7ffe87b30000 of 64 bytes failed: Only part of a ReadProcessMemory or WriteProcessMemory request was completed. (0x12B)
[0107/143426.827:WARNING:pe_image_reader.cc(340)] could not read dos header from C:\WINDOWS\SYSTEM32\CRYPTBASE.DLL
[0107/143426.827:ERROR:process_memory_win.cc(73)] ReadMemory at 0x7ffe8a920000 of 64 bytes failed: Only part of a ReadProcessMemory or WriteProcessMemory request was completed. (0x12B)
[0107/143426.827:WARNING:pe_image_reader.cc(340)] could not read dos header from C:\WINDOWS\System32\ole32.dll
[0107/143426.827:ERROR:process_memory_win.cc(73)] ReadMemory at 0x7ffe86e50000 of 64 bytes failed: Only part of a ReadProcessMemory or WriteProcessMemory request was completed. (0x12B)
[0107/143426.827:WARNING:pe_image_reader.cc(340)] could not read dos header from C:\WINDOWS\SYSTEM32\dxgi.dll
[0107/143426.827:ERROR:process_memory_win.cc(73)] ReadMemory at 0x7ffe86e30000 of 64 bytes failed: Only part of a ReadProcessMemory or WriteProcessMemory request was completed. (0x12B)
[0107/143426.827:WARNING:pe_image_reader.cc(340)] could not read dos header from C:\WINDOWS\SYSTEM32\dxcore.dll
[0107/143426.827:ERROR:process_memory_win.cc(73)] ReadMemory at 0x7ffe667a0000 of 64 bytes failed: Only part of a ReadProcessMemory or WriteProcessMemory request was completed. (0x12B)
[0107/143426.827:WARNING:pe_image_reader.cc(340)] could not read dos header from C:\WINDOWS\SYSTEM32\dxva2.dll
[0107/143426.827:ERROR:process_memory_win.cc(73)] ReadMemory at 0x7ffe834e0000 of 64 bytes failed: Only part of a ReadProcessMemory or WriteProcessMemory request was completed. (0x12B)
[0107/143426.827:WARNING:pe_image_reader.cc(340)] could not read dos header from C:\WINDOWS\SYSTEM32\D3DCompiler_47.dll
[0107/143426.827:ERROR:process_memory_win.cc(73)] ReadMemory at 0x7ffe88260000 of 64 bytes failed: Only part of a ReadProcessMemory or WriteProcessMemory request was completed. (0x12B)
[0107/143426.827:WARNING:pe_image_reader.cc(340)] could not read dos header from C:\WINDOWS\System32\CRYPTSP.dll
[0107/143426.827:ERROR:process_memory_win.cc(73)] ReadMemory at 0x7ffe440d0000 of 64 bytes failed: Only part of a ReadProcessMemory or WriteProcessMemory request was completed. (0x12B)
[0107/143426.827:WARNING:pe_image_reader.cc(340)] could not read dos header from C:\Program Files (x86)\Google\Chrome\Application\79.0.3945.88\libglesv2.dll
[0107/143426.827:ERROR:process_memory_win.cc(73)] ReadMemory at 0x7ffe89410000 of 64 bytes failed: Only part of a ReadProcessMemory or WriteProcessMemory request was completed. (0x12B)
[0107/143426.827:WARNING:pe_image_reader.cc(340)] could not read dos header from C:\WINDOWS\System32\SETUPAPI.dll
[0107/143426.827:ERROR:process_memory_win.cc(73)] ReadMemory at 0x7ffe5d9d0000 of 64 bytes failed: Only part of a ReadProcessMemory or WriteProcessMemory request was completed. (0x12B)
[0107/143426.827:WARNING:pe_image_reader.cc(340)] could not read dos header from C:\Program Files (x86)\Google\Chrome\Application\79.0.3945.88\libegl.dll
[0107/143426.827:ERROR:process_memory_win.cc(73)] ReadMemory at 0x7ffe86750000 of 64 bytes failed: Only part of a ReadProcessMemory or WriteProcessMemory request was completed. (0x12B)
[0107/143426.827:WARNING:pe_image_reader.cc(340)] could not read dos header from C:\WINDOWS\SYSTEM32\dwmapi.dll
[0107/143426.827:ERROR:process_memory_win.cc(73)] ReadMemory at 0x7ffe840e0000 of 64 bytes failed: Only part of a ReadProcessMemory or WriteProcessMemory request was completed. (0x12B)
[0107/143426.827:WARNING:pe_image_reader.cc(340)] could not read dos header from C:\WINDOWS\SYSTEM32\d3d11.dll
[0107/143426.827:ERROR:process_memory_win.cc(73)] ReadMemory at 0x7ffe83f00000 of 64 bytes failed: Only part of a ReadProcessMemory or WriteProcessMemory request was completed. (0x12B)
[0107/143426.827:WARNING:pe_image_reader.cc(340)] could not read dos header from C:\WINDOWS\SYSTEM32\dcomp.dll
[0107/143426.827:ERROR:process_memory_win.cc(73)] ReadMemory at 0x7ffe78b20000 of 64 bytes failed: Only part of a ReadProcessMemory or WriteProcessMemory request was completed. (0x12B)
[0107/143426.827:WARNING:pe_image_reader.cc(340)] could not read dos header from C:\WINDOWS\System32\DriverStore\FileRepository\k127153.inf_amd64_3f3936d8dec668b8\igd10iumd64.dll
[0107/143426.828:ERROR:process_memory_win.cc(73)] ReadMemory at 0x7ffe87c30000 of 64 bytes failed: Only part of a ReadProcessMemory or WriteProcessMemory request was completed. (0x12B)
[0107/143426.828:WARNING:pe_image_reader.cc(340)] could not read dos header from C:\WINDOWS\SYSTEM32\ncrypt.dll
[0107/143426.828:ERROR:process_memory_win.cc(73)] ReadMemory at 0x7ffe87bf0000 of 64 bytes failed: Only part of a ReadProcessMemory or WriteProcessMemory request was completed. (0x12B)
[0107/143426.828:WARNING:pe_image_reader.cc(340)] could not read dos header from C:\WINDOWS\SYSTEM32\NTASN1.dll
[0107/143426.828:ERROR:process_memory_win.cc(73)] ReadMemory at 0x7ffe76b80000 of 64 bytes failed: Only part of a ReadProcessMemory or WriteProcessMemory request was completed. (0x12B)
[0107/143426.828:WARNING:pe_image_reader.cc(340)] could not read dos header from C:\WINDOWS\System32\DriverStore\FileRepository\k127153.inf_amd64_3f3936d8dec668b8\igc64.dll
[0107/143426.828:ERROR:process_memory_win.cc(73)] ReadMemory at 0x7ffe89b30000 of 64 bytes failed: Only part of a ReadProcessMemory or WriteProcessMemory request was completed. (0x12B)
[0107/143426.828:WARNING:pe_image_reader.cc(340)] could not read dos header from C:\WINDOWS\System32\clbcatq.dll
[0107/143426.828:ERROR:process_memory_win.cc(73)] ReadMemory at 0x7ffe82e60000 of 64 bytes failed: Only part of a ReadProcessMemory or WriteProcessMemory request was completed. (0x12B)
[0107/143426.828:WARNING:pe_image_reader.cc(340)] could not read dos header from C:\Windows\System32\WinTypes.dll
[0107/143426.828:ERROR:process_memory_win.cc(73)] ReadMemory at 0x7ffe59d40000 of 64 bytes failed: Only part of a ReadProcessMemory or WriteProcessMemory request was completed. (0x12B)
[0107/143426.828:WARNING:pe_image_reader.cc(340)] could not read dos header from C:\WINDOWS\System32\DriverStore\FileRepository\k127153.inf_amd64_3f3936d8dec668b8\igd11dxva64.dll
[0107/143426.828:ERROR:process_memory_win.cc(73)] ReadMemory at 0x7ffe86030000 of 64 bytes failed: Only part of a ReadProcessMemory or WriteProcessMemory request was completed. (0x12B)
[0107/143426.829:WARNING:pe_image_reader.cc(340)] could not read dos header from C:\WINDOWS\system32\uxtheme.dll
[0107/143426.829:ERROR:process_memory_win.cc(73)] ReadMemory at 0x7ffe89880000 of 64 bytes failed: Only part of a ReadProcessMemory or WriteProcessMemory request was completed. (0x12B)
[0107/143426.829:WARNING:pe_image_reader.cc(340)] could not read dos header from C:\WINDOWS\System32\MSCTF.dll
[0107/143427.389:ERROR:process_memory_win.cc(73)] ReadMemory at 0xce25fec000 of 81920 bytes failed: Only part of a ReadProcessMemory or WriteProcessMemory request was completed. (0x12B)
[0107/143427.390:ERROR:process_memory_win.cc(73)] ReadMemory at 0xce267fd000 of 12288 bytes failed: Only part of a ReadProcessMemory or WriteProcessMemory request was completed. (0x12B)
[0107/143427.390:ERROR:process_memory_win.cc(73)] ReadMemory at 0xce26ffd000 of 12288 bytes failed: Only part of a ReadProcessMemory or WriteProcessMemory request was completed. (0x12B)
[0107/143427.391:ERROR:process_memory_win.cc(73)] ReadMemory at 0xce277fd000 of 12288 bytes failed: Only part of a ReadProcessMemory or WriteProcessMemory request was completed. (0x12B)
[0107/143427.391:ERROR:process_memory_win.cc(73)] ReadMemory at 0xce27ffd000 of 12288 bytes failed: Only part of a ReadProcessMemory or WriteProcessMemory request was completed. (0x12B)
[0107/143427.391:ERROR:process_memory_win.cc(73)] ReadMemory at 0xce287fc000 of 16384 bytes failed: Only part of a ReadProcessMemory or WriteProcessMemory request was completed. (0x12B)
[0107/143427.392:ERROR:process_memory_win.cc(73)] ReadMemory at 0xce28ffe000 of 8192 bytes failed: Only part of a ReadProcessMemory or WriteProcessMemory request was completed. (0x12B)
[0107/143427.392:ERROR:process_memory_win.cc(73)] ReadMemory at 0xce297f6000 of 40960 bytes failed: Only part of a ReadProcessMemory or WriteProcessMemory request was completed. (0x12B)
[0107/143427.392:ERROR:process_memory_win.cc(73)] ReadMemory at 0xce29ffd000 of 12288 bytes failed: Only part of a ReadProcessMemory or WriteProcessMemory request was completed. (0x12B)
[0107/143427.393:ERROR:process_memory_win.cc(73)] ReadMemory at 0xce2a7fd000 of 12288 bytes failed: Only part of a ReadProcessMemory or WriteProcessMemory request was completed. (0x12B)
[0107/143427.393:ERROR:process_memory_win.cc(73)] ReadMemory at 0xce2b7fd000 of 12288 bytes failed: Only part of a ReadProcessMemory or WriteProcessMemory request was completed. (0x12B)
[0107/143427.393:ERROR:process_memory_win.cc(73)] ReadMemory at 0xce2affd000 of 12288 bytes failed: Only part of a ReadProcessMemory or WriteProcessMemory request was completed. (0x12B)
[0107/143427.393:ERROR:process_memory_win.cc(73)] ReadMemory at 0xce2bffd000 of 12288 bytes failed: Only part of a ReadProcessMemory or WriteProcessMemory request was completed. (0x12B)
[0107/143427.393:ERROR:process_memory_win.cc(73)] ReadMemory at 0xce2c7f9000 of 28672 bytes failed: Only part of a ReadProcessMemory or WriteProcessMemory request was completed. (0x12B)
[0107/143427.394:ERROR:process_memory_win.cc(73)] ReadMemory at 0xce2d7f9000 of 28672 bytes failed: Only part of a ReadProcessMemory or WriteProcessMemory request was completed. (0x12B)
[0107/143427.394:ERROR:process_memory_win.cc(73)] ReadMemory at 0xce2566a000 of 6024 bytes failed: Only part of a ReadProcessMemory or WriteProcessMemory request was completed. (0x12B)
[0107/143427.395:ERROR:process_memory_win.cc(73)] ReadMemory at 0xce256a2000 of 6024 bytes failed: Only part of a ReadProcessMemory or WriteProcessMemory request was completed. (0x12B)
[0107/143427.395:ERROR:process_memory_win.cc(73)] ReadMemory at 0xce256c0000 of 6024 bytes failed: Only part of a ReadProcessMemory or WriteProcessMemory request was completed. (0x12B)
[0107/143427.395:ERROR:process_memory_win.cc(73)] ReadMemory at 0xce25798000 of 852 bytes failed: Only part of a ReadProcessMemory or WriteProcessMemory request was completed. (0x12B)
[0107/143427.395:ERROR:process_memory_win.cc(73)] ReadMemory at 0xce25799000 of 6024 bytes failed: Only part of a ReadProcessMemory or WriteProcessMemory request was completed. (0x12B)
[0107/143427.396:ERROR:process_memory_win.cc(73)] ReadMemory at 0xce2579b000 of 6024 bytes failed: Only part of a ReadProcessMemory or WriteProcessMemory request was completed. (0x12B)
[0107/143427.396:ERROR:process_memory_win.cc(73)] ReadMemory at 0xce2579d000 of 6024 bytes failed: Only part of a ReadProcessMemory or WriteProcessMemory request was completed. (0x12B)
[0107/143427.396:ERROR:process_memory_win.cc(73)] ReadMemory at 0xce2579f000 of 6024 bytes failed: Only part of a ReadProcessMemory or WriteProcessMemory request was completed. (0x12B)
[0107/143427.396:ERROR:process_memory_win.cc(73)] ReadMemory at 0xce257a1000 of 6024 bytes failed: Only part of a ReadProcessMemory or WriteProcessMemory request was completed. (0x12B)
[0107/143427.396:ERROR:process_memory_win.cc(73)] ReadMemory at 0xce257a3000 of 6024 bytes failed: Only part of a ReadProcessMemory or WriteProcessMemory request was completed. (0x12B)
[0107/143427.397:ERROR:process_memory_win.cc(73)] ReadMemory at 0xce257a5000 of 6024 bytes failed: Only part of a ReadProcessMemory or WriteProcessMemory request was completed. (0x12B)
[0107/143427.397:ERROR:process_memory_win.cc(73)] ReadMemory at 0xce257a7000 of 6024 bytes failed: Only part of a ReadProcessMemory or WriteProcessMemory request was completed. (0x12B)
[0107/143427.397:ERROR:process_memory_win.cc(73)] ReadMemory at 0xce257a9000 of 6024 bytes failed: Only part of a ReadProcessMemory or WriteProcessMemory request was completed. (0x12B)
[0107/143427.398:ERROR:process_memory_win.cc(73)] ReadMemory at 0xce257ab000 of 6024 bytes failed: Only part of a ReadProcessMemory or WriteProcessMemory request was completed. (0x12B)
[0107/143427.398:ERROR:process_memory_win.cc(73)] ReadMemory at 0xce257c9000 of 6024 bytes failed: Only part of a ReadProcessMemory or WriteProcessMemory request was completed. (0x12B)
[0107/143427.398:ERROR:process_memory_win.cc(73)] ReadMemory at 0xce257cb000 of 6024 bytes failed: Only part of a ReadProcessMemory or WriteProcessMemory request was completed. (0x12B)
[0107/143427.398:ERROR:process_memory_win.cc(73)] ReadMemory at 0x25bcd800750 of 80 bytes failed: Only part of a ReadProcessMemory or WriteProcessMemory request was completed. (0x12B)
[0107/143427.398:ERROR:process_memory_win.cc(73)] ReadMemory at 0x25bcd800ad0 of 1016 bytes failed: Only part of a ReadProcessMemory or WriteProcessMemory request was completed. (0x12B)
[0107/143427.399:ERROR:process_memory_win.cc(73)] ReadMemory at 0x25bcd800fe0 of 3908 bytes failed: Only part of a ReadProcessMemory or WriteProcessMemory request was completed. (0x12B)
[0107/143427.399:ERROR:process_memory_win.cc(73)] ReadMemory at 0x25bcd801f30 of 1012 bytes failed: Only part of a ReadProcessMemory or WriteProcessMemory request was completed. (0x12B)
[0107/143427.399:ERROR:process_memory_win.cc(73)] ReadMemory at 0x25bcd802578 of 118 bytes failed: Only part of a ReadProcessMemory or WriteProcessMemory request was completed. (0x12B)
[0107/143427.399:ERROR:process_memory_win.cc(73)] ReadMemory at 0x25bcd8025f0 of 990 bytes failed: Only part of a ReadProcessMemory or WriteProcessMemory request was completed. (0x12B)
[0107/143427.399:ERROR:process_memory_win.cc(73)] ReadMemory at 0x25bcd8029d0 of 118 bytes failed: Only part of a ReadProcessMemory or WriteProcessMemory request was completed. (0x12B)
[0107/143427.399:ERROR:process_memory_win.cc(73)] ReadMemory at 0x25bcd802a48 of 30 bytes failed: Only part of a ReadProcessMemory or WriteProcessMemory request was completed. (0x12B)
[0107/143427.400:ERROR:process_memory_win.cc(73)] ReadMemory at 0x25bcd802a80 of 58 bytes failed: Only part of a ReadProcessMemory or WriteProcessMemory request was completed. (0x12B)
[0107/143427.400:ERROR:process_memory_win.cc(73)] ReadMemory at 0x25bcd802b80 of 132 bytes failed: Only part of a ReadProcessMemory or WriteProcessMemory request was completed. (0x12B)
[0107/143427.400:ERROR:process_memory_win.cc(73)] ReadMemory at 0x25bcd802d10 of 132 bytes failed: Only part of a ReadProcessMemory or WriteProcessMemory request was completed. (0x12B)
[0107/143427.400:ERROR:process_memory_win.cc(73)] ReadMemory at 0x25bcd8032b0 of 132 bytes failed: Only part of a ReadProcessMemory or WriteProcessMemory request was completed. (0x12B)
[0107/143427.400:ERROR:process_memory_win.cc(73)] ReadMemory at 0x25bcd803440 of 64 bytes failed: Only part of a ReadProcessMemory or WriteProcessMemory request was completed. (0x12B)
[0107/143427.400:ERROR:process_memory_win.cc(73)] ReadMemory at 0x25bcd803600 of 132 bytes failed: Only part of a ReadProcessMemory or WriteProcessMemory request was completed. (0x12B)
[0107/143427.401:ERROR:process_memory_win.cc(73)] ReadMemory at 0x25bcd8038a0 of 132 bytes failed: Only part of a ReadProcessMemory or WriteProcessMemory request was completed. (0x12B)
[0107/143427.401:ERROR:process_memory_win.cc(73)] ReadMemory at 0x25bcd803a30 of 68 bytes failed: Only part of a ReadProcessMemory or WriteProcessMemory request was completed. (0x12B)
[0107/143427.401:ERROR:process_memory_win.cc(73)] ReadMemory at 0x25bcd804a90 of 150 bytes failed: Only part of a ReadProcessMemory or WriteProcessMemory request was completed. (0x12B)
[0107/143427.401:ERROR:process_memory_win.cc(73)] ReadMemory at 0x25bcd804b70 of 132 bytes failed: Only part of a ReadProcessMemory or WriteProcessMemory request was completed. (0x12B)
[0107/143427.401:ERROR:process_memory_win.cc(73)] ReadMemory at 0x25bcd804d00 of 152 bytes failed: Only part of a ReadProcessMemory or WriteProcessMemory request was completed. (0x12B)
[0107/143427.401:ERROR:process_memory_win.cc(73)] ReadMemory at 0x25bcd805a70 of 60 bytes failed: Only part of a ReadProcessMemory or WriteProcessMemory request was completed. (0x12B)
[0107/143427.401:ERROR:process_memory_win.cc(73)] ReadMemory at 0x25bcd805ae0 of 62 bytes failed: Only part of a ReadProcessMemory or WriteProcessMemory request was completed. (0x12B)
[0107/143427.402:ERROR:process_memory_win.cc(73)] ReadMemory at 0x25bcd805b30 of 132 bytes failed: Only part of a ReadProcessMemory or WriteProcessMemory request was completed. (0x12B)
[0107/143427.402:ERROR:process_memory_win.cc(73)] ReadMemory at 0x25bcd806150 of 132 bytes failed: Only part of a ReadProcessMemory or WriteProcessMemory request was completed. (0x12B)
[0107/143427.402:ERROR:process_memory_win.cc(73)] ReadMemory at 0x25bcd8063fa of 512 bytes failed: Only part of a ReadProcessMemory or WriteProcessMemory request was completed. (0x12B)
[0107/143427.402:ERROR:process_memory_win.cc(73)] ReadMemory at 0x25bcd806810 of 132 bytes failed: Only part of a ReadProcessMemory or WriteProcessMemory request was completed. (0x12B)
[0107/143427.402:ERROR:process_memory_win.cc(73)] ReadMemory at 0x25bcd806a90 of 132 bytes failed: Only part of a ReadProcessMemory or WriteProcessMemory request was completed. (0x12B)
[0107/143427.402:ERROR:process_memory_win.cc(73)] ReadMemory at 0x25bcd806bc0 of 132 bytes failed: Only part of a ReadProcessMemory or WriteProcessMemory request was completed. (0x12B)
[0107/143427.402:ERROR:process_memory_win.cc(73)] ReadMemory at 0x25bcd8075d0 of 132 bytes failed: Only part of a ReadProcessMemory or WriteProcessMemory request was completed. (0x12B)
[0107/143427.403:ERROR:process_memory_win.cc(73)] ReadMemory at 0x25bcd80a570 of 60 bytes failed: Only part of a ReadProcessMemory or WriteProcessMemory request was completed. (0x12B)
[0107/143427.403:ERROR:process_memory_win.cc(73)] ReadMemory at 0x25bcd80a5c0 of 64 bytes failed: Only part of a ReadProcessMemory or WriteProcessMemory request was completed. (0x12B)
[0107/143427.403:ERROR:process_memory_win.cc(73)] ReadMemory at 0x25bcd80a610 of 66 bytes failed: Only part of a ReadProcessMemory or WriteProcessMemory request was completed. (0x12B)
[0107/143427.403:ERROR:process_memory_win.cc(73)] ReadMemory at 0x25bcd80a660 of 66 bytes failed: Only part of a ReadProcessMemory or WriteProcessMemory request was completed. (0x12B)
[0107/143427.403:ERROR:process_memory_win.cc(73)] ReadMemory at 0x25bcd80a7f0 of 58 bytes failed: Only part of a ReadProcessMemory or WriteProcessMemory request was completed. (0x12B)
[0107/143427.403:ERROR:process_memory_win.cc(73)] ReadMemory at 0x25bcd80a840 of 64 bytes failed: Only part of a ReadProcessMemory or WriteProcessMemory request was completed. (0x12B)
[0107/143427.404:ERROR:process_memory_win.cc(73)] ReadMemory at 0x25bcd80a9d0 of 60 bytes failed: Only part of a ReadProcessMemory or WriteProcessMemory request was completed. (0x12B)
[0107/143427.404:ERROR:process_memory_win.cc(73)] ReadMemory at 0x25bcd80ab60 of 62 bytes failed: Only part of a ReadProcessMemory or WriteProcessMemory request was completed. (0x12B)
[0107/143427.404:ERROR:process_memory_win.cc(73)] ReadMemory at 0x25bcd80ac00 of 60 bytes failed: Only part of a ReadProcessMemory or WriteProcessMemory request was completed. (0x12B)
[0107/143427.404:ERROR:process_memory_win.cc(73)] ReadMemory at 0x25bcd80d810 of 132 bytes failed: Only part of a ReadProcessMemory or WriteProcessMemory request was completed. (0x12B)
[0107/143427.404:ERROR:process_memory_win.cc(73)] ReadMemory at 0x25bcd80d940 of 156 bytes failed: Only part of a ReadProcessMemory or WriteProcessMemory request was completed. (0x12B)
[0107/143427.405:ERROR:process_memory_win.cc(73)] ReadMemory at 0x25bcd80da40 of 132 bytes failed: Only part of a ReadProcessMemory or WriteProcessMemory request was completed. (0x12B)
[0107/143427.405:ERROR:process_memory_win.cc(73)] ReadMemory at 0x25bcd80e300 of 132 bytes failed: Only part of a ReadProcessMemory or WriteProcessMemory request was completed. (0x12B)
[0107/143427.405:ERROR:process_memory_win.cc(73)] ReadMemory at 0x25bcd80fd20 of 54 bytes failed: Only part of a ReadProcessMemory or WriteProcessMemory request was completed. (0x12B)
[0107/143427.405:ERROR:process_memory_win.cc(73)] ReadMemory at 0x25bcd811ba0 of 132 bytes failed: Only part of a ReadProcessMemory or WriteProcessMemory request was completed. (0x12B)
[0107/143427.405:ERROR:process_memory_win.cc(73)] ReadMemory at 0x25bcd811cd0 of 132 bytes failed: Only part of a ReadProcessMemory or WriteProcessMemory request was completed. (0x12B)
[0107/143427.405:ERROR:process_memory_win.cc(73)] ReadMemory at 0x25bcd815040 of 62 bytes failed: Only part of a ReadProcessMemory or WriteProcessMemory request was completed. (0x12B)
[0107/143427.406:ERROR:process_memory_win.cc(73)] ReadMemory at 0x25bcd8150e0 of 62 bytes failed: Only part of a ReadProcessMemory or WriteProcessMemory request was completed. (0x12B)
[0107/143427.406:ERROR:process_memory_win.cc(73)] ReadMemory at 0x25bcd815130 of 64 bytes failed: Only part of a ReadProcessMemory or WriteProcessMemory request was completed. (0x12B)
[0107/143427.406:ERROR:process_memory_win.cc(73)] ReadMemory at 0x25bcd8151d0 of 60 bytes failed: Only part of a ReadProcessMemory or WriteProcessMemory request was completed. (0x12B)
[0107/143427.406:ERROR:process_memory_win.cc(73)] ReadMemory at 0x25bcd815220 of 62 bytes failed: Only part of a ReadProcessMemory or WriteProcessMemory request was completed. (0x12B)
[0107/143427.406:ERROR:process_memory_win.cc(73)] ReadMemory at 0x25bcd8152c0 of 62 bytes failed: Only part of a ReadProcessMemory or WriteProcessMemory request was completed. (0x12B)
[0107/143427.406:ERROR:process_memory_win.cc(73)] ReadMemory at 0x25bcd815400 of 60 bytes failed: Only part of a ReadProcessMemory or WriteProcessMemory request was completed. (0x12B)
[0107/143427.406:ERROR:process_memory_win.cc(73)] ReadMemory at 0x25bcd815450 of 62 bytes failed: Only part of a ReadProcessMemory or WriteProcessMemory request was completed. (0x12B)
[0107/143427.406:ERROR:process_memory_win.cc(73)] ReadMemory at 0x25bcd815590 of 64 bytes failed: Only part of a ReadProcessMemory or WriteProcessMemory request was completed. (0x12B)
[0107/143427.406:ERROR:process_memory_win.cc(73)] ReadMemory at 0x25bcd8155e0 of 66 bytes failed: Only part of a ReadProcessMemory or WriteProcessMemory request was completed. (0x12B)
[0107/143427.406:ERROR:process_memory_win.cc(73)] ReadMemory at 0x25bcd815810 of 62 bytes failed: Only part of a ReadProcessMemory or WriteProcessMemory request was completed. (0x12B)
[0107/143427.406:ERROR:process_memory_win.cc(73)] ReadMemory at 0x25bcd815950 of 64 bytes failed: Only part of a ReadProcessMemory or WriteProcessMemory request was completed. (0x12B)
[0107/143427.406:ERROR:process_memory_win.cc(73)] ReadMemory at 0x25bcd8159f0 of 62 bytes failed: Only part of a ReadProcessMemory or WriteProcessMemory request was completed. (0x12B)
[0107/143427.406:ERROR:process_memory_win.cc(73)] ReadMemory at 0x25bcd815a90 of 58 bytes failed: Only part of a ReadProcessMemory or WriteProcessMemory request was completed. (0x12B)
[0107/143427.406:ERROR:process_memory_win.cc(73)] ReadMemory at 0x25bcd815ae0 of 60 bytes failed: Only part of a ReadProcessMemory or WriteProcessMemory request was completed. (0x12B)
[0107/143427.406:ERROR:process_memory_win.cc(73)] ReadMemory at 0x25bcd815c70 of 64 bytes failed: Only part of a ReadProcessMemory or WriteProcessMemory request was completed. (0x12B)
[0107/143427.407:ERROR:process_memory_win.cc(73)] ReadMemory at 0x25bcd815d10 of 64 bytes failed: Only part of a ReadProcessMemory or WriteProcessMemory request was completed. (0x12B)
[0107/143427.407:ERROR:process_memory_win.cc(73)] ReadMemory at 0x25bcd815db0 of 60 bytes failed: Only part of a ReadProcessMemory or WriteProcessMemory request was completed. (0x12B)
[0107/143427.407:ERROR:process_memory_win.cc(73)] ReadMemory at 0x25bcd815e00 of 60 bytes failed: Only part of a ReadProcessMemory or WriteProcessMemory request was completed. (0x12B)
[0107/143427.407:ERROR:process_memory_win.cc(73)] ReadMemory at 0x25bcd815e50 of 62 bytes failed: Only part of a ReadProcessMemory or WriteProcessMemory request was completed. (0x12B)
[0107/143427.407:ERROR:process_memory_win.cc(73)] ReadMemory at 0x25bcd815ea0 of 62 bytes failed: Only part of a ReadProcessMemory or WriteProcessMemory request was completed. (0x12B)
[0107/143427.407:ERROR:process_memory_win.cc(73)] ReadMemory at 0x25bcd815ef0 of 58 bytes failed: Only part of a ReadProcessMemory or WriteProcessMemory request was completed. (0x12B)
[0107/143427.407:ERROR:process_memory_win.cc(73)] ReadMemory at 0x25bcd815f40 of 64 bytes failed: Only part of a ReadProcessMemory or WriteProcessMemory request was completed. (0x12B)
[0107/143427.407:ERROR:process_memory_win.cc(73)] ReadMemory at 0x25bcd817020 of 132 bytes failed: Only part of a ReadProcessMemory or WriteProcessMemory request was completed. (0x12B)
[0107/143427.407:ERROR:process_memory_win.cc(73)] ReadMemory at 0x25bcd817150 of 132 bytes failed: Only part of a ReadProcessMemory or WriteProcessMemory request was completed. (0x12B)
[0107/143427.407:ERROR:process_memory_win.cc(73)] ReadMemory at 0x25bcd817280 of 132 bytes failed: Only part of a ReadProcessMemory or WriteProcessMemory request was completed. (0x12B)
[0107/143427.408:ERROR:process_memory_win.cc(73)] ReadMemory at 0x25bcd8173b0 of 132 bytes failed: Only part of a ReadProcessMemory or WriteProcessMemory request was completed. (0x12B)
[0107/143427.408:ERROR:process_memory_win.cc(73)] ReadMemory at 0x25bcd8174e0 of 132 bytes failed: Only part of a ReadProcessMemory or WriteProcessMemory request was completed. (0x12B)
[0107/143427.408:ERROR:process_memory_win.cc(73)] ReadMemory at 0x25bcd817610 of 132 bytes failed: Only part of a ReadProcessMemory or WriteProcessMemory request was completed. (0x12B)
[0107/143427.408:ERROR:process_memory_win.cc(73)] ReadMemory at 0x25bcd817740 of 132 bytes failed: Only part of a ReadProcessMemory or WriteProcessMemory request was completed. (0x12B)
[0107/143427.408:ERROR:process_memory_win.cc(73)] ReadMemory at 0x25bcd817870 of 132 bytes failed: Only part of a ReadProcessMemory or WriteProcessMemory request was completed. (0x12B)
[0107/143427.408:ERROR:process_memory_win.cc(73)] ReadMemory at 0x25bcd8179a0 of 132 bytes failed: Only part of a ReadProcessMemory or WriteProcessMemory request was completed. (0x12B)
[0107/143427.408:ERROR:process_memory_win.cc(73)] ReadMemory at 0x25bcd817ad0 of 132 bytes failed: Only part of a ReadProcessMemory or WriteProcessMemory request was completed. (0x12B)
[0107/143427.408:ERROR:process_memory_win.cc(73)] ReadMemory at 0x25bcd817c00 of 132 bytes failed: Only part of a ReadProcessMemory or WriteProcessMemory request was completed. (0x12B)
[0107/143427.408:ERROR:process_memory_win.cc(73)] ReadMemory at 0x25bcd817d30 of 132 bytes failed: Only part of a ReadProcessMemory or WriteProcessMemory request was completed. (0x12B)
[0107/143427.408:ERROR:process_memory_win.cc(73)] ReadMemory at 0x25bcd817e60 of 132 bytes failed: Only part of a ReadProcessMemory or WriteProcessMemory request was completed. (0x12B)
[0107/143427.408:ERROR:process_memory_win.cc(73)] ReadMemory at 0x25bcd819650 of 76 bytes failed: Only part of a ReadProcessMemory or WriteProcessMemory request was completed. (0x12B)
[0107/143427.408:ERROR:process_memory_win.cc(73)] ReadMemory at 0x25bcd8196b0 of 76 bytes failed: Only part of a ReadProcessMemory or WriteProcessMemory request was completed. (0x12B)
[0107/143427.409:ERROR:process_memory_win.cc(73)] ReadMemory at 0x25bcd81a720 of 132 bytes failed: Only part of a ReadProcessMemory or WriteProcessMemory request was completed. (0x12B)
[0107/143427.409:ERROR:process_memory_win.cc(73)] ReadMemory at 0x25bcd81a850 of 132 bytes failed: Only part of a ReadProcessMemory or WriteProcessMemory request was completed. (0x12B)
[0107/143427.409:ERROR:process_memory_win.cc(73)] ReadMemory at 0x25bcd81a980 of 132 bytes failed: Only part of a ReadProcessMemory or WriteProcessMemory request was completed. (0x12B)
[0107/143427.409:ERROR:process_memory_win.cc(73)] ReadMemory at 0x25bcd81aab0 of 132 bytes failed: Only part of a ReadProcessMemory or WriteProcessMemory request was completed. (0x12B)
[0107/143427.409:ERROR:process_memory_win.cc(73)] ReadMemory at 0x25bcd81abe0 of 132 bytes failed: Only part of a ReadProcessMemory or WriteProcessMemory request was completed. (0x12B)
[0107/143427.409:ERROR:process_memory_win.cc(73)] ReadMemory at 0x25bcd81ad10 of 132 bytes failed: Only part of a ReadProcessMemory or WriteProcessMemory request was completed. (0x12B)
[0107/143427.409:ERROR:process_memory_win.cc(73)] ReadMemory at 0x25bcd81ae40 of 132 bytes failed: Only part of a ReadProcessMemory or WriteProcessMemory request was completed. (0x12B)
[0107/143427.409:ERROR:process_memory_win.cc(73)] ReadMemory at 0x25bcd81af70 of 132 bytes failed: Only part of a ReadProcessMemory or WriteProcessMemory request was completed. (0x12B)
[0107/143427.409:ERROR:process_memory_win.cc(73)] ReadMemory at 0x25bcd81b0a0 of 132 bytes failed: Only part of a ReadProcessMemory or WriteProcessMemory request was completed. (0x12B)
[0107/143427.409:ERROR:process_memory_win.cc(73)] ReadMemory at 0x25bcd81b1d0 of 132 bytes failed: Only part of a ReadProcessMemory or WriteProcessMemory request was completed. (0x12B)
[0107/143427.409:ERROR:process_memory_win.cc(73)] ReadMemory at 0x25bcd81b300 of 132 bytes failed: Only part of a ReadProcessMemory or WriteProcessMemory request was completed. (0x12B)
[0107/143427.409:ERROR:process_memory_win.cc(73)] ReadMemory at 0x25bcd81b430 of 132 bytes failed: Only part of a ReadProcessMemory or WriteProcessMemory request was completed. (0x12B)
[0107/143427.409:ERROR:process_memory_win.cc(73)] ReadMemory at 0x25bcd81b560 of 132 bytes failed: Only part of a ReadProcessMemory or WriteProcessMemory request was completed. (0x12B)
[0107/143427.409:ERROR:process_memory_win.cc(73)] ReadMemory at 0x25bcd81b690 of 132 bytes failed: Only part of a ReadProcessMemory or WriteProcessMemory request was completed. (0x12B)
[0107/143427.409:ERROR:process_memory_win.cc(73)] ReadMemory at 0x25bcd81b7c0 of 132 bytes failed: Only part of a ReadProcessMemory or WriteProcessMemory request was completed. (0x12B)
[0107/143427.410:ERROR:process_memory_win.cc(73)] ReadMemory at 0x25bcd81b8f0 of 132 bytes failed: Only part of a ReadProcessMemory or WriteProcessMemory request was completed. (0x12B)
[0107/143427.410:ERROR:process_memory_win.cc(73)] ReadMemory at 0x25bcd81ba20 of 132 bytes failed: Only part of a ReadProcessMemory or WriteProcessMemory request was completed. (0x12B)
[0107/143427.410:ERROR:process_memory_win.cc(73)] ReadMemory at 0x25bcd81bb50 of 132 bytes failed: Only part of a ReadProcessMemory or WriteProcessMemory request was completed. (0x12B)
[0107/143427.410:ERROR:process_memory_win.cc(73)] ReadMemory at 0x25bcd81bc80 of 132 bytes failed: Only part of a ReadProcessMemory or WriteProcessMemory request was completed. (0x12B)
[0107/143427.410:ERROR:process_memory_win.cc(73)] ReadMemory at 0x25bcd81bdb0 of 132 bytes failed: Only part of a ReadProcessMemory or WriteProcessMemory request was completed. (0x12B)
[0107/143427.410:ERROR:process_memory_win.cc(73)] ReadMemory at 0x25bcd81bee0 of 132 bytes failed: Only part of a ReadProcessMemory or WriteProcessMemory request was completed. (0x12B)
[0107/143427.410:ERROR:process_memory_win.cc(73)] ReadMemory at 0x25bcd81c010 of 132 bytes failed: Only part of a ReadProcessMemory or WriteProcessMemory request was completed. (0x12B)
[0107/143427.410:ERROR:process_memory_win.cc(73)] ReadMemory at 0x25bcd81c140 of 132 bytes failed: Only part of a ReadProcessMemory or WriteProcessMemory request was completed. (0x12B)
[0107/143427.410:ERROR:process_memory_win.cc(73)] ReadMemory at 0x25bcd81c270 of 132 bytes failed: Only part of a ReadProcessMemory or WriteProcessMemory request was completed. (0x12B)
[0107/143427.410:ERROR:process_memory_win.cc(73)] ReadMemory at 0x25bcd81c3a0 of 132 bytes failed: Only part of a ReadProcessMemory or WriteProcessMemory request was completed. (0x12B)
[0107/143427.411:ERROR:process_memory_win.cc(73)] ReadMemory at 0x25bcd81c4d0 of 132 bytes failed: Only part of a ReadProcessMemory or WriteProcessMemory request was completed. (0x12B)
[0107/143427.411:ERROR:process_memory_win.cc(73)] ReadMemory at 0x25bcd826ed0 of 60 bytes failed: Only part of a ReadProcessMemory or WriteProcessMemory request was completed. (0x12B)
[0107/143427.411:ERROR:process_memory_win.cc(73)] ReadMemory at 0x25bcd826fc0 of 58 bytes failed: Only part of a ReadProcessMemory or WriteProcessMemory request was completed. (0x12B)
[0107/143427.411:ERROR:process_memory_win.cc(73)] ReadMemory at 0x25bcd827100 of 66 bytes failed: Only part of a ReadProcessMemory or WriteProcessMemory request was completed. (0x12B)
[0107/143427.411:ERROR:process_memory_win.cc(73)] ReadMemory at 0x25bcd827290 of 58 bytes failed: Only part of a ReadProcessMemory or WriteProcessMemory request was completed. (0x12B)
[0107/143427.411:ERROR:process_memory_win.cc(73)] ReadMemory at 0x25bcd8273d0 of 62 bytes failed: Only part of a ReadProcessMemory or WriteProcessMemory request was completed. (0x12B)
[0107/143427.411:ERROR:process_memory_win.cc(73)] ReadMemory at 0x25bcd827510 of 60 bytes failed: Only part of a ReadProcessMemory or WriteProcessMemory request was completed. (0x12B)
[0107/143427.412:ERROR:process_memory_win.cc(73)] ReadMemory at 0x25bcd8276a0 of 64 bytes failed: Only part of a ReadProcessMemory or WriteProcessMemory request was completed. (0x12B)
[0107/143427.412:ERROR:process_memory_win.cc(73)] ReadMemory at 0x25bcd8278d0 of 56 bytes failed: Only part of a ReadProcessMemory or WriteProcessMemory request was completed. (0x12B)
[0107/143427.412:ERROR:process_memory_win.cc(73)] ReadMemory at 0x25bcd82efc0 of 124 bytes failed: Only part of a ReadProcessMemory or WriteProcessMemory request was completed. (0x12B)
[0107/143427.412:ERROR:process_memory_win.cc(73)] ReadMemory at 0x25bcd82fbd0 of 144 bytes failed: Only part of a ReadProcessMemory or WriteProcessMemory request was completed. (0x12B)
[0107/143427.412:ERROR:process_memory_win.cc(73)] ReadMemory at 0x25bcd84e450 of 182 bytes failed: Only part of a ReadProcessMemory or WriteProcessMemory request was completed. (0x12B)
[0107/143427.412:ERROR:process_memory_win.cc(73)] ReadMemory at 0x25bcd8527f0 of 58 bytes failed: Only part of a ReadProcessMemory or WriteProcessMemory request was completed. (0x12B)
[0107/143427.413:ERROR:process_memory_win.cc(73)] ReadMemory at 0x25bcd852b60 of 60 bytes failed: Only part of a ReadProcessMemory or WriteProcessMemory request was completed. (0x12B)
[0107/143427.413:ERROR:process_memory_win.cc(73)] ReadMemory at 0x25bcd852c00 of 60 bytes failed: Only part of a ReadProcessMemory or WriteProcessMemory request was completed. (0x12B)
[0107/143427.413:ERROR:process_memory_win.cc(73)] ReadMemory at 0x25bcd8535b0 of 58 bytes failed: Only part of a ReadProcessMemory or WriteProcessMemory request was completed. (0x12B)
[0107/143427.413:ERROR:process_memory_win.cc(73)] ReadMemory at 0x25bcd858c00 of 194 bytes failed: Only part of a ReadProcessMemory or WriteProcessMemory request was completed. (0x12B)
[0107/143427.413:ERROR:process_memory_win.cc(73)] ReadMemory at 0x25bcd859740 of 132 bytes failed: Only part of a ReadProcessMemory or WriteProcessMemory request was completed. (0x12B)
[0107/143427.413:ERROR:process_memory_win.cc(73)] ReadMemory at 0x25bcd859d30 of 132 bytes failed: Only part of a ReadProcessMemory or WriteProcessMemory request was completed. (0x12B)
[0107/143427.414:ERROR:process_memory_win.cc(73)] ReadMemory at 0x25bcd85a0c0 of 132 bytes failed: Only part of a ReadProcessMemory or WriteProcessMemory request was completed. (0x12B)
[0107/143427.414:ERROR:process_memory_win.cc(73)] ReadMemory at 0x25bcd85a450 of 132 bytes failed: Only part of a ReadProcessMemory or WriteProcessMemory request was completed. (0x12B)
[0107/143427.414:ERROR:process_memory_win.cc(73)] ReadMemory at 0x25bcd85a7e0 of 132 bytes failed: Only part of a ReadProcessMemory or WriteProcessMemory request was completed. (0x12B)
[0107/143427.414:ERROR:process_memory_win.cc(73)] ReadMemory at 0x25bcd85a910 of 132 bytes failed: Only part of a ReadProcessMemory or WriteProcessMemory request was completed. (0x12B)
[0107/143427.414:ERROR:process_memory_win.cc(73)] ReadMemory at 0x25bcd85b160 of 132 bytes failed: Only part of a ReadProcessMemory or WriteProcessMemory request was completed. (0x12B)
[0107/143427.414:ERROR:process_memory_win.cc(73)] ReadMemory at 0x25bcd85b3c0 of 132 bytes failed: Only part of a ReadProcessMemory or WriteProcessMemory request was completed. (0x12B)
[0107/143427.414:ERROR:process_memory_win.cc(73)] ReadMemory at 0x25bcd8c6b80 of 62 bytes failed: Only part of a ReadProcessMemory or WriteProcessMemory request was completed. (0x12B)
[0107/143427.414:ERROR:process_memory_win.cc(73)] ReadMemory at 0x25bcd8c6c20 of 64 bytes failed: Only part of a ReadProcessMemory or WriteProcessMemory request was completed. (0x12B)
[0107/143427.414:ERROR:process_memory_win.cc(73)] ReadMemory at 0x25bcd8e5fd0 of 194 bytes failed: Only part of a ReadProcessMemory or WriteProcessMemory request was completed. (0x12B)
[0107/143427.414:ERROR:process_memory_win.cc(73)] ReadMemory at 0x25bcd8fba70 of 512 bytes failed: Only part of a ReadProcessMemory or WriteProcessMemory request was completed. (0x12B)
[0107/143427.414:ERROR:process_memory_win.cc(73)] ReadMemory at 0x25bcdacef48 of 512 bytes failed: Only part of a ReadProcessMemory or WriteProcessMemory request was completed. (0x12B)
[0107/143427.415:ERROR:process_memory_win.cc(73)] ReadMemory at 0x25bcdad9760 of 512 bytes failed: Only part of a ReadProcessMemory or WriteProcessMemory request was completed. (0x12B)
[0107/143427.415:ERROR:process_memory_win.cc(73)] ReadMemory at 0x25bcdaf9c90 of 512 bytes failed: Only part of a ReadProcessMemory or WriteProcessMemory request was completed. (0x12B)
[0107/143427.415:ERROR:process_memory_win.cc(73)] ReadMemory at 0x25bcf487160 of 512 bytes failed: Only part of a ReadProcessMemory or WriteProcessMemory request was completed. (0x12B)
[0107/143427.415:ERROR:process_memory_win.cc(73)] ReadMemory at 0x25bcf4d50c0 of 512 bytes failed: Only part of a ReadProcessMemory or WriteProcessMemory request was completed. (0x12B)
[0107/143427.415:ERROR:process_memory_win.cc(73)] ReadMemory at 0x25bd8300000 of 384 bytes failed: Only part of a ReadProcessMemory or WriteProcessMemory request was completed. (0x12B)
[0107/143427.415:ERROR:process_memory_win.cc(73)] ReadMemory at 0x25bd8374070 of 512 bytes failed: Only part of a ReadProcessMemory or WriteProcessMemory request was completed. (0x12B)
[0107/143427.415:ERROR:process_memory_win.cc(73)] ReadMemory at 0x25bd8495420 of 512 bytes failed: Only part of a ReadProcessMemory or WriteProcessMemory request was completed. (0x12B)
[0107/143427.415:ERROR:process_memory_win.cc(73)] ReadMemory at 0x25bd8648280 of 62 bytes failed: Only part of a ReadProcessMemory or WriteProcessMemory request was completed. (0x12B)
[0107/143427.415:ERROR:process_memory_win.cc(73)] ReadMemory at 0x25bd8720840 of 512 bytes failed: Only part of a ReadProcessMemory or WriteProcessMemory request was completed. (0x12B)
[0107/143427.415:ERROR:process_memory_win.cc(73)] ReadMemory at 0x25bd8808ee0 of 512 bytes failed: Only part of a ReadProcessMemory or WriteProcessMemory request was completed. (0x12B)
[0107/143427.415:ERROR:process_memory_win.cc(73)] ReadMemory at 0x25bd9704790 of 512 bytes failed: Only part of a ReadProcessMemory or WriteProcessMemory request was completed. (0x12B)
[0107/143427.416:ERROR:process_memory_win.cc(73)] ReadMemory at 0x25bd9704b10 of 512 bytes failed: Only part of a ReadProcessMemory or WriteProcessMemory request was completed. (0x12B)
[0107/143427.416:ERROR:process_memory_win.cc(73)] ReadMemory at 0x25bd9a8bd50 of 512 bytes failed: Only part of a ReadProcessMemory or WriteProcessMemory request was completed. (0x12B)
[0107/143427.416:ERROR:process_memory_win.cc(73)] ReadMemory at 0x25bd9e6c150 of 512 bytes failed: Only part of a ReadProcessMemory or WriteProcessMemory request was completed. (0x12B)
[0107/143427.416:ERROR:process_memory_win.cc(73)] ReadMemory at 0x25bda0a5d00 of 512 bytes failed: Only part of a ReadProcessMemory or WriteProcessMemory request was completed. (0x12B)
[0107/143427.416:ERROR:process_memory_win.cc(73)] ReadMemory at 0x25bda61ff80 of 512 bytes failed: Only part of a ReadProcessMemory or WriteProcessMemory request was completed. (0x12B)
[0107/143427.416:ERROR:process_memory_win.cc(73)] ReadMemory at 0x25bda63eb00 of 512 bytes failed: Only part of a ReadProcessMemory or WriteProcessMemory request was completed. (0x12B)
[0107/143427.416:ERROR:process_memory_win.cc(73)] ReadMemory at 0x25bda7f3f80 of 512 bytes failed: Only part of a ReadProcessMemory or WriteProcessMemory request was completed. (0x12B)
[0107/143427.416:ERROR:process_memory_win.cc(73)] ReadMemory at 0x25bde3335d0 of 512 bytes failed: Only part of a ReadProcessMemory or WriteProcessMemory request was completed. (0x12B)
[0107/143427.416:ERROR:process_memory_win.cc(73)] ReadMemory at 0x25bde3d7790 of 536 bytes failed: Only part of a ReadProcessMemory or WriteProcessMemory request was completed. (0x12B)
[0107/143427.416:ERROR:process_memory_win.cc(73)] ReadMemory at 0x7ffe474aeeac of 512 bytes failed: Only part of a ReadProcessMemory or WriteProcessMemory request was completed. (0x12B)
[0107/143427.416:ERROR:process_memory_win.cc(73)] ReadMemory at 0x7ffe480ed742 of 512 bytes failed: Only part of a ReadProcessMemory or WriteProcessMemory request was completed. (0x12B)
[0107/143427.416:ERROR:process_memory_win.cc(73)] ReadMemory at 0x7ffe49e01eb8 of 512 bytes failed: Only part of a ReadProcessMemory or WriteProcessMemory request was completed. (0x12B)
[0107/143427.416:ERROR:process_memory_win.cc(73)] ReadMemory at 0x7ffe4a4152ea of 512 bytes failed: Only part of a ReadProcessMemory or WriteProcessMemory request was completed. (0x12B)
[0107/143427.416:ERROR:process_memory_win.cc(73)] ReadMemory at 0x7ffe4ab68c58 of 512 bytes failed: Only part of a ReadProcessMemory or WriteProcessMemory request was completed. (0x12B)
[0107/143427.416:ERROR:process_memory_win.cc(73)] ReadMemory at 0x7ffe76bc643a of 512 bytes failed: Only part of a ReadProcessMemory or WriteProcessMemory request was completed. (0x12B)
[0107/143427.417:ERROR:process_memory_win.cc(73)] ReadMemory at 0x7ffe88325bc4 of 512 bytes failed: Only part of a ReadProcessMemory or WriteProcessMemory request was completed. (0x12B)
[0107/143427.417:ERROR:process_memory_win.cc(73)] ReadMemory at 0x7ffe88329a04 of 512 bytes failed: Only part of a ReadProcessMemory or WriteProcessMemory request was completed. (0x12B)
[0107/143427.417:ERROR:process_memory_win.cc(73)] ReadMemory at 0x7ffe88deb6d0 of 512 bytes failed: Only part of a ReadProcessMemory or WriteProcessMemory request was completed. (0x12B)
[0107/143427.417:ERROR:process_memory_win.cc(73)] ReadMemory at 0x7ffe89da2370 of 512 bytes failed: Only part of a ReadProcessMemory or WriteProcessMemory request was completed. (0x12B)
[0107/143427.417:ERROR:process_memory_win.cc(73)] ReadMemory at 0x7ffe8b200000 of 384 bytes failed: Only part of a ReadProcessMemory or WriteProcessMemory request was completed. (0x12B)
[0107/143427.417:ERROR:process_memory_win.cc(73)] ReadMemory at 0x7ffe8b29c0c4 of 672 bytes failed: Only part of a ReadProcessMemory or WriteProcessMemory request was completed. (0x12B)
[0107/143427.417:ERROR:process_memory_win.cc(73)] ReadMemory at 0x7ffe8b29c6c4 of 512 bytes failed: Only part of a ReadProcessMemory or WriteProcessMemory request was completed. (0x12B)
[0107/143427.417:ERROR:process_memory_win.cc(73)] ReadMemory at 0x7ffe8b29cb94 of 512 bytes failed: Only part of a ReadProcessMemory or WriteProcessMemory request was completed. (0x12B)
[0107/143427.417:ERROR:process_memory_win.cc(73)] ReadMemory at 0x7ffe8b29f9d4 of 512 bytes failed: Only part of a ReadProcessMemory or WriteProcessMemory request was completed. (0x12B)
[0107/143427.417:ERROR:process_memory_win.cc(73)] ReadMemory at 0x7ffe8b32c428 of 18 bytes failed: Only part of a ReadProcessMemory or WriteProcessMemory request was completed. (0x12B)
[0107/143427.417:ERROR:process_memory_win.cc(73)] ReadMemory at 0x7ffe8b35f4f8 of 40 bytes failed: Only part of a ReadProcessMemory or WriteProcessMemory request was completed. (0x12B)
[0107/143427.418:ERROR:process_memory_win.cc(73)] ReadMemory at 0x7ffe8b35f978 of 48 bytes failed: Only part of a ReadProcessMemory or WriteProcessMemory request was completed. (0x12B)
[0107/143427.418:ERROR:process_memory_win.cc(73)] ReadMemory at 0x7ffe8b3653c0 of 64 bytes failed: Only part of a ReadProcessMemory or WriteProcessMemory request was completed. (0x12B)
[0107/143427.418:ERROR:process_memory_win.cc(73)] ReadMemory at 0x7ffe8b365a50 of 512 bytes failed: Only part of a ReadProcessMemory or WriteProcessMemory request was completed. (0x12B)
[0107/143428.915:ERROR:scoped_process_suspend.cc(40)] NtResumeProcess: An attempt was made to access an exiting process. (0xc000010a)
[0107/185912.564:ERROR:process_info.cc(359)] UncheckedAllocate
[0107/185917.687:ERROR:process_info.cc(359)] UncheckedAllocate
[0107/202925.232:ERROR:process_info.cc(359)] UncheckedAllocate
[0108/172841.893:ERROR:process_info.cc(359)] UncheckedAllocate
[0108/173205.482:ERROR:filesystem_win.cc(148)] DeleteFile C:\Users\admin\AppData\Local\Google\Chrome\User Data\Crashpad\reports\6317adcc-42ed-4446-9aac-934bc0a17a12.dmp: The process cannot access the file because it is being used by another process. (0x20)
[0108/191141.322:ERROR:crash_report_database_win.cc(428)] unexpected header
[0108/192141.409:ERROR:crash_report_database_win.cc(428)] unexpected header
[0108/192141.409:ERROR:crash_report_database_win.cc(428)] unexpected header
[0108/192641.477:ERROR:crash_report_database_win.cc(428)] unexpected header
[0108/194141.594:ERROR:crash_report_database_win.cc(428)] unexpected header
[0108/195641.723:ERROR:crash_report_database_win.cc(428)] unexpected header
[0108/201141.880:ERROR:crash_report_database_win.cc(428)] unexpected header
[0108/202641.942:ERROR:crash_report_database_win.cc(428)] unexpected header
[0108/204815.312:ERROR:crash_report_database_win.cc(428)] unexpected header
[0108/205815.355:ERROR:crash_report_database_win.cc(428)] unexpected header
[0108/205815.355:ERROR:crash_report_database_win.cc(428)] unexpected header
[0108/210315.393:ERROR:crash_report_database_win.cc(428)] unexpected header
